{"uid":"df4c144f9932de3f","name":"PayPal提现验证码错误","fullName":"src.case.test_withdraw_giftcard#test_withdraw_money_success","historyId":"665be149f4842510ac0ce2ae45bfae2c","time":{"start":1675135605098,"stop":1675135700047,"duration":94949},"status":"broken","statusMessage":"selenium.common.exceptions.TimeoutException: Message: \nStacktrace:\n0   chromedriver                        0x0000000104977fa8 chromedriver + 4886440\n1   chromedriver                        0x00000001048f5643 chromedriver + 4351555\n2   chromedriver                        0x0000000104543b27 chromedriver + 477991\n3   chromedriver                        0x000000010458876c chromedriver + 759660\n4   chromedriver                        0x00000001045889c1 chromedriver + 760257\n5   chromedriver                        0x00000001045cc204 chromedriver + 1036804\n6   chromedriver                        0x00000001045ae5fd chromedriver + 914941\n7   chromedriver                        0x00000001045c95fe chromedriver + 1025534\n8   chromedriver                        0x00000001045ae3a3 chromedriver + 914339\n9   chromedriver                        0x000000010457857f chromedriver + 693631\n10  chromedriver                        0x0000000104579b1e chromedriver + 699166\n11  chromedriver                        0x0000000104944b9e chromedriver + 4676510\n12  chromedriver                        0x000000010494991e chromedriver + 4696350\n13  chromedriver                        0x000000010495119f chromedriver + 4727199\n14  chromedriver                        0x000000010494a81a chromedriver + 4700186\n15  chromedriver                        0x000000010491da62 chromedriver + 4516450\n16  chromedriver                        0x00000001049698c8 chromedriver + 4827336\n17  chromedriver                        0x0000000104969a45 chromedriver + 4827717\n18  chromedriver                        0x000000010497f7ef chromedriver + 4917231\n19  libsystem_pthread.dylib             0x00007fff73896109 _pthread_start + 148\n20  libsystem_pthread.dylib             0x00007fff73891b8b thread_start + 15","statusTrace":"drivers = <selenium.webdriver.chrome.webdriver.WebDriver (session=\"52ef446fb13afe260e25309e709985fd\")>\n\n    @compose(feature=\"提现页面\", story=\"提现\", title='PayPal提现验证码错误')\n    @pytest.mark.Withdraw_Money\n    def test_withdraw_money_success(drivers):\n        withdraw = WithdrawPageOperation(drivers)\n        login = LoginPageOperation(drivers)\n        with allure.step(f\"手动验证登录开始！\"):\n            withdraw.open_url('https://www.coupert.com/user/login')\n            email = 'burtontest@test.com'\n            password = 123456\n            login.input_email(email)\n            login.input_password(password)\n            login.visible_account_email()\n            time.sleep(5)\n        with allure.step('开始PayPal提现'):\n            withdraw.open_url('https://www.coupert.com/user/withdraw')\n            # 进入提现页面\n            withdraw.entry_withdraw_process()\n            # 选择Paypal提现\n            withdraw.select_paypal()\n            # 输入PayPal邮箱\n    \n            # paypal账号勾选确认\n>           withdraw.click_confirm_check()\n\nsrc/case/test_withdraw_giftcard.py:77: \n_ _ _ _ _ _ _ _ _ _ _ _ _ _ _ _ _ _ _ _ _ _ _ _ _ _ _ _ _ _ _ _ _ _ _ _ _ _ _ _ _ _ _ _ _ _ _ _ _ _ _ _ _ _ _ _ _ _ _ _ _ _\nsrc/pages/WithdrawPage.py:50: in click_confirm_check\n    flag = self.wait_eleVisible(WithdrawElement.PAYPAL_CHANGE_CHECK, model='判断是否存在Paypal账号')\nsrc/utils/elementoperator.py:37: in wait_eleVisible\n    WebDriverWait(self.driver, timeout, poll_frequency).until(EC.presence_of_element_located(loc))\n_ _ _ _ _ _ _ _ _ _ _ _ _ _ _ _ _ _ _ _ _ _ _ _ _ _ _ _ _ _ _ _ _ _ _ _ _ _ _ _ _ _ _ _ _ _ _ _ _ _ _ _ _ _ _ _ _ _ _ _ _ _\n\nself = <selenium.webdriver.support.wait.WebDriverWait (session=\"52ef446fb13afe260e25309e709985fd\")>\nmethod = <function presence_of_element_located.<locals>._predicate at 0x10f791820>, message = ''\n\n    def until(self, method, message: str = \"\"):\n        \"\"\"Calls the method provided with the driver as an argument until the \\\n        return value does not evaluate to ``False``.\n    \n        :param method: callable(WebDriver)\n        :param message: optional message for :exc:`TimeoutException`\n        :returns: the result of the last call to `method`\n        :raises: :exc:`selenium.common.exceptions.TimeoutException` if timeout occurs\n        \"\"\"\n        screen = None\n        stacktrace = None\n    \n        end_time = time.monotonic() + self._timeout\n        while True:\n            try:\n                value = method(self._driver)\n                if value:\n                    return value\n            except self._ignored_exceptions as exc:\n                screen = getattr(exc, \"screen\", None)\n                stacktrace = getattr(exc, \"stacktrace\", None)\n            time.sleep(self._poll)\n            if time.monotonic() > end_time:\n                break\n>       raise TimeoutException(message, screen, stacktrace)\nE       selenium.common.exceptions.TimeoutException: Message: \nE       Stacktrace:\nE       0   chromedriver                        0x0000000104977fa8 chromedriver + 4886440\nE       1   chromedriver                        0x00000001048f5643 chromedriver + 4351555\nE       2   chromedriver                        0x0000000104543b27 chromedriver + 477991\nE       3   chromedriver                        0x000000010458876c chromedriver + 759660\nE       4   chromedriver                        0x00000001045889c1 chromedriver + 760257\nE       5   chromedriver                        0x00000001045cc204 chromedriver + 1036804\nE       6   chromedriver                        0x00000001045ae5fd chromedriver + 914941\nE       7   chromedriver                        0x00000001045c95fe chromedriver + 1025534\nE       8   chromedriver                        0x00000001045ae3a3 chromedriver + 914339\nE       9   chromedriver                        0x000000010457857f chromedriver + 693631\nE       10  chromedriver                        0x0000000104579b1e chromedriver + 699166\nE       11  chromedriver                        0x0000000104944b9e chromedriver + 4676510\nE       12  chromedriver                        0x000000010494991e chromedriver + 4696350\nE       13  chromedriver                        0x000000010495119f chromedriver + 4727199\nE       14  chromedriver                        0x000000010494a81a chromedriver + 4700186\nE       15  chromedriver                        0x000000010491da62 chromedriver + 4516450\nE       16  chromedriver                        0x00000001049698c8 chromedriver + 4827336\nE       17  chromedriver                        0x0000000104969a45 chromedriver + 4827717\nE       18  chromedriver                        0x000000010497f7ef chromedriver + 4917231\nE       19  libsystem_pthread.dylib             0x00007fff73896109 _pthread_start + 148\nE       20  libsystem_pthread.dylib             0x00007fff73891b8b thread_start + 15\n\n/Library/Python/3.8/site-packages/selenium/webdriver/support/wait.py:95: TimeoutException","flaky":false,"newFailed":false,"newBroken":false,"newPassed":false,"retriesCount":0,"retriesStatusChange":false,"beforeStages":[{"name":"_session_faker","time":{"start":1675135585789,"stop":1675135585881,"duration":92},"status":"passed","steps":[],"attachments":[],"parameters":[],"stepsCount":0,"attachmentsCount":0,"hasContent":false,"shouldDisplayMessage":false},{"name":"drivers","time":{"start":1675135585881,"stop":1675135605083,"duration":19202},"status":"passed","steps":[],"attachments":[],"parameters":[],"stepsCount":0,"attachmentsCount":0,"hasContent":false,"shouldDisplayMessage":false}],"testStage":{"status":"broken","statusMessage":"selenium.common.exceptions.TimeoutException: Message: \nStacktrace:\n0   chromedriver                        0x0000000104977fa8 chromedriver + 4886440\n1   chromedriver                        0x00000001048f5643 chromedriver + 4351555\n2   chromedriver                        0x0000000104543b27 chromedriver + 477991\n3   chromedriver                        0x000000010458876c chromedriver + 759660\n4   chromedriver                        0x00000001045889c1 chromedriver + 760257\n5   chromedriver                        0x00000001045cc204 chromedriver + 1036804\n6   chromedriver                        0x00000001045ae5fd chromedriver + 914941\n7   chromedriver                        0x00000001045c95fe chromedriver + 1025534\n8   chromedriver                        0x00000001045ae3a3 chromedriver + 914339\n9   chromedriver                        0x000000010457857f chromedriver + 693631\n10  chromedriver                        0x0000000104579b1e chromedriver + 699166\n11  chromedriver                        0x0000000104944b9e chromedriver + 4676510\n12  chromedriver                        0x000000010494991e chromedriver + 4696350\n13  chromedriver                        0x000000010495119f chromedriver + 4727199\n14  chromedriver                        0x000000010494a81a chromedriver + 4700186\n15  chromedriver                        0x000000010491da62 chromedriver + 4516450\n16  chromedriver                        0x00000001049698c8 chromedriver + 4827336\n17  chromedriver                        0x0000000104969a45 chromedriver + 4827717\n18  chromedriver                        0x000000010497f7ef chromedriver + 4917231\n19  libsystem_pthread.dylib             0x00007fff73896109 _pthread_start + 148\n20  libsystem_pthread.dylib             0x00007fff73891b8b thread_start + 15","statusTrace":"drivers = <selenium.webdriver.chrome.webdriver.WebDriver (session=\"52ef446fb13afe260e25309e709985fd\")>\n\n    @compose(feature=\"提现页面\", story=\"提现\", title='PayPal提现验证码错误')\n    @pytest.mark.Withdraw_Money\n    def test_withdraw_money_success(drivers):\n        withdraw = WithdrawPageOperation(drivers)\n        login = LoginPageOperation(drivers)\n        with allure.step(f\"手动验证登录开始！\"):\n            withdraw.open_url('https://www.coupert.com/user/login')\n            email = 'burtontest@test.com'\n            password = 123456\n            login.input_email(email)\n            login.input_password(password)\n            login.visible_account_email()\n            time.sleep(5)\n        with allure.step('开始PayPal提现'):\n            withdraw.open_url('https://www.coupert.com/user/withdraw')\n            # 进入提现页面\n            withdraw.entry_withdraw_process()\n            # 选择Paypal提现\n            withdraw.select_paypal()\n            # 输入PayPal邮箱\n    \n            # paypal账号勾选确认\n>           withdraw.click_confirm_check()\n\nsrc/case/test_withdraw_giftcard.py:77: \n_ _ _ _ _ _ _ _ _ _ _ _ _ _ _ _ _ _ _ _ _ _ _ _ _ _ _ _ _ _ _ _ _ _ _ _ _ _ _ _ _ _ _ _ _ _ _ _ _ _ _ _ _ _ _ _ _ _ _ _ _ _\nsrc/pages/WithdrawPage.py:50: in click_confirm_check\n    flag = self.wait_eleVisible(WithdrawElement.PAYPAL_CHANGE_CHECK, model='判断是否存在Paypal账号')\nsrc/utils/elementoperator.py:37: in wait_eleVisible\n    WebDriverWait(self.driver, timeout, poll_frequency).until(EC.presence_of_element_located(loc))\n_ _ _ _ _ _ _ _ _ _ _ _ _ _ _ _ _ _ _ _ _ _ _ _ _ _ _ _ _ _ _ _ _ _ _ _ _ _ _ _ _ _ _ _ _ _ _ _ _ _ _ _ _ _ _ _ _ _ _ _ _ _\n\nself = <selenium.webdriver.support.wait.WebDriverWait (session=\"52ef446fb13afe260e25309e709985fd\")>\nmethod = <function presence_of_element_located.<locals>._predicate at 0x10f791820>, message = ''\n\n    def until(self, method, message: str = \"\"):\n        \"\"\"Calls the method provided with the driver as an argument until the \\\n        return value does not evaluate to ``False``.\n    \n        :param method: callable(WebDriver)\n        :param message: optional message for :exc:`TimeoutException`\n        :returns: the result of the last call to `method`\n        :raises: :exc:`selenium.common.exceptions.TimeoutException` if timeout occurs\n        \"\"\"\n        screen = None\n        stacktrace = None\n    \n        end_time = time.monotonic() + self._timeout\n        while True:\n            try:\n                value = method(self._driver)\n                if value:\n                    return value\n            except self._ignored_exceptions as exc:\n                screen = getattr(exc, \"screen\", None)\n                stacktrace = getattr(exc, \"stacktrace\", None)\n            time.sleep(self._poll)\n            if time.monotonic() > end_time:\n                break\n>       raise TimeoutException(message, screen, stacktrace)\nE       selenium.common.exceptions.TimeoutException: Message: \nE       Stacktrace:\nE       0   chromedriver                        0x0000000104977fa8 chromedriver + 4886440\nE       1   chromedriver                        0x00000001048f5643 chromedriver + 4351555\nE       2   chromedriver                        0x0000000104543b27 chromedriver + 477991\nE       3   chromedriver                        0x000000010458876c chromedriver + 759660\nE       4   chromedriver                        0x00000001045889c1 chromedriver + 760257\nE       5   chromedriver                        0x00000001045cc204 chromedriver + 1036804\nE       6   chromedriver                        0x00000001045ae5fd chromedriver + 914941\nE       7   chromedriver                        0x00000001045c95fe chromedriver + 1025534\nE       8   chromedriver                        0x00000001045ae3a3 chromedriver + 914339\nE       9   chromedriver                        0x000000010457857f chromedriver + 693631\nE       10  chromedriver                        0x0000000104579b1e chromedriver + 699166\nE       11  chromedriver                        0x0000000104944b9e chromedriver + 4676510\nE       12  chromedriver                        0x000000010494991e chromedriver + 4696350\nE       13  chromedriver                        0x000000010495119f chromedriver + 4727199\nE       14  chromedriver                        0x000000010494a81a chromedriver + 4700186\nE       15  chromedriver                        0x000000010491da62 chromedriver + 4516450\nE       16  chromedriver                        0x00000001049698c8 chromedriver + 4827336\nE       17  chromedriver                        0x0000000104969a45 chromedriver + 4827717\nE       18  chromedriver                        0x000000010497f7ef chromedriver + 4917231\nE       19  libsystem_pthread.dylib             0x00007fff73896109 _pthread_start + 148\nE       20  libsystem_pthread.dylib             0x00007fff73891b8b thread_start + 15\n\n/Library/Python/3.8/site-packages/selenium/webdriver/support/wait.py:95: TimeoutException","steps":[{"name":"手动验证登录开始！","time":{"start":1675135605099,"stop":1675135628637,"duration":23538},"status":"passed","steps":[],"attachments":[],"parameters":[],"stepsCount":0,"attachmentsCount":0,"hasContent":false,"shouldDisplayMessage":false},{"name":"开始PayPal提现","time":{"start":1675135628637,"stop":1675135696353,"duration":67716},"status":"broken","statusMessage":"selenium.common.exceptions.TimeoutException: Message: \nStacktrace:\n0   chromedriver                        0x0000000104977fa8 chromedriver + 4886440\n1   chromedriver                        0x00000001048f5643 chromedriver + 4351555\n2   chromedriver                        0x0000000104543b27 chromedriver + 477991\n3   chromedriver                        0x000000010458876c chromedriver + 759660\n4   chromedriver                        0x00000001045889c1 chromedriver + 760257\n5   chromedriver                        0x00000001045cc204 chromedriver + 1036804\n6   chromedriver                        0x00000001045ae5fd chromedriver + 914941\n7   chromedriver                        0x00000001045c95fe chromedriver + 1025534\n8   chromedriver                        0x00000001045ae3a3 chromedriver + 914339\n9   chromedriver                        0x000000010457857f chromedriver + 693631\n10  chromedriver                        0x0000000104579b1e chromedriver + 699166\n11  chromedriver                        0x0000000104944b9e chromedriver + 4676510\n12  chromedriver                        0x000000010494991e chromedriver + 4696350\n13  chromedriver                        0x000000010495119f chromedriver + 4727199\n14  chromedriver                        0x000000010494a81a chromedriver + 4700186\n15  chromedriver                        0x000000010491da62 chromedriver + 4516450\n16  chromedriver                        0x00000001049698c8 chromedriver + 4827336\n17  chromedriver                        0x0000000104969a45 chromedriver + 4827717\n18  chromedriver                        0x000000010497f7ef chromedriver + 4917231\n19  libsystem_pthread.dylib             0x00007fff73896109 _pthread_start + 148\n20  libsystem_pthread.dylib             0x00007fff73891b8b thread_start + 15\n\n","statusTrace":"  File \"/Users/soar/PycharmProjects/soar_uitest/src/case/test_withdraw_giftcard.py\", line 77, in test_withdraw_money_success\n    withdraw.click_confirm_check()\n  File \"/Users/soar/PycharmProjects/soar_uitest/src/pages/WithdrawPage.py\", line 50, in click_confirm_check\n    flag = self.wait_eleVisible(WithdrawElement.PAYPAL_CHANGE_CHECK, model='判断是否存在Paypal账号')\n  File \"/Users/soar/PycharmProjects/soar_uitest/src/utils/elementoperator.py\", line 37, in wait_eleVisible\n    WebDriverWait(self.driver, timeout, poll_frequency).until(EC.presence_of_element_located(loc))\n  File \"/Library/Python/3.8/site-packages/selenium/webdriver/support/wait.py\", line 95, in until\n    raise TimeoutException(message, screen, stacktrace)\n","steps":[],"attachments":[],"parameters":[],"stepsCount":0,"attachmentsCount":0,"hasContent":true,"shouldDisplayMessage":true}],"attachments":[{"uid":"aede6ef1c28e62ab","name":"log","source":"aede6ef1c28e62ab.txt","type":"text/plain","size":5579},{"uid":"7426c61b881b4f38","name":"stdout","source":"7426c61b881b4f38.txt","type":"text/plain","size":3522},{"uid":"b546269bdb9ea7eb","name":"stderr","source":"b546269bdb9ea7eb.txt","type":"text/plain","size":7092}],"parameters":[],"stepsCount":2,"attachmentsCount":3,"hasContent":true,"shouldDisplayMessage":true},"afterStages":[{"name":"drivers::0","time":{"start":1675135712471,"stop":1675135723975,"duration":11504},"status":"passed","steps":[],"attachments":[],"parameters":[],"stepsCount":0,"attachmentsCount":0,"hasContent":false,"shouldDisplayMessage":false}],"labels":[{"name":"feature","value":"提现页面"},{"name":"story","value":"提现"},{"name":"tag","value":"Withdraw_Money"},{"name":"parentSuite","value":"src.case"},{"name":"suite","value":"test_withdraw_giftcard"},{"name":"host","value":"soardeMac-mini-9.local"},{"name":"thread","value":"88084-MainThread"},{"name":"framework","value":"pytest"},{"name":"language","value":"cpython3"},{"name":"package","value":"src.case.test_withdraw_giftcard"},{"name":"resultFormat","value":"allure2"}],"parameters":[],"links":[],"hidden":false,"retry":false,"extra":{"severity":"normal","retries":[],"categories":[{"name":"Test defects","matchedStatuses":[],"flaky":false}],"tags":["Withdraw_Money"]},"source":"df4c144f9932de3f.json","parameterValues":[]}